<?xml version="1.0" encoding="UTF-8"?>
<!-- Generated by org.testng.reporters.JUnitXMLReporter -->
<testsuite hostname="DESKTOP-L8VPHJS" ignored="0" name="ModuleTwoTest" tests="4" failures="0" timestamp="2023-03-02T19:27:49 IST" time="0.067" errors="0">
  <testcase name="testFour" time="0.011" classname="parallelScripts.SampleThreeTest"/>
  <testcase name="testOne" time="0.002" classname="parallelScripts.SampleThreeTest"/>
  <testcase name="testThree" time="0.002" classname="parallelScripts.SampleThreeTest"/>
  <testcase name="testTwo" time="0.001" classname="parallelScripts.SampleThreeTest"/>
</testsuite> <!-- ModuleTwoTest -->
