<?xml version="1.0" encoding="UTF-8"?>
<!-- Generated by org.testng.reporters.JUnitXMLReporter -->
<testsuite hostname="DESKTOP-L8VPHJS" ignored="0" name="ModuleOneTest" tests="8" failures="0" timestamp="2023-03-02T19:27:49 IST" time="0.076" errors="0">
  <testcase name="testFour" time="0.011" classname="parallelScripts.SampleOneTest"/>
  <testcase name="testOne" time="0.002" classname="parallelScripts.SampleOneTest"/>
  <testcase name="testThree" time="0.001" classname="parallelScripts.SampleOneTest"/>
  <testcase name="testTwo" time="0.002" classname="parallelScripts.SampleOneTest"/>
  <testcase name="testFour" time="0.002" classname="parallelScripts.SampleTwoTest"/>
  <testcase name="testOne" time="0.002" classname="parallelScripts.SampleTwoTest"/>
  <testcase name="testThree" time="0.002" classname="parallelScripts.SampleTwoTest"/>
  <testcase name="testTwo" time="0.001" classname="parallelScripts.SampleTwoTest"/>
</testsuite> <!-- ModuleOneTest -->
