<?xml version="1.0" encoding="UTF-8"?>
<testng-results skipped="0" failed="0" ignored="0" total="1" passed="1">
  <reporter-output>
  </reporter-output>
  <suite name="Default suite" duration-ms="4313" started-at="2023-03-06T21:44:46 IST" finished-at="2023-03-06T21:44:50 IST">
    <groups>
    </groups>
    <test name="Default test" duration-ms="4313" started-at="2023-03-06T21:44:46 IST" finished-at="2023-03-06T21:44:50 IST">
      <class name="testScripts.DBTesting">
        <test-method status="PASS" signature="setUp()[pri:0, instance:testScripts.DBTesting@44a3ec6b]" name="setUp" is-config="true" duration-ms="4268" started-at="2023-03-06T21:44:46 IST" finished-at="2023-03-06T21:44:50 IST">
          <reporter-output>
          </reporter-output>
        </test-method> <!-- setUp -->
        <test-method status="PASS" signature="test()[pri:0, instance:testScripts.DBTesting@44a3ec6b]" name="test" duration-ms="5" started-at="2023-03-06T21:44:50 IST" finished-at="2023-03-06T21:44:50 IST">
          <reporter-output>
          </reporter-output>
        </test-method> <!-- test -->
        <test-method status="PASS" signature="tearDown()[pri:0, instance:testScripts.DBTesting@44a3ec6b]" name="tearDown" is-config="true" duration-ms="0" started-at="2023-03-06T21:44:50 IST" finished-at="2023-03-06T21:44:50 IST">
          <reporter-output>
          </reporter-output>
        </test-method> <!-- tearDown -->
      </class> <!-- testScripts.DBTesting -->
    </test> <!-- Default test -->
  </suite> <!-- Default suite -->
</testng-results>
